<html>
<head>
<title>TestNG:  Test</title>
<link href="../testng.css" rel="stylesheet" type="text/css" />
<link href="../my-testng.css" rel="stylesheet" type="text/css" />

<style type="text/css">
.log { display: none;} 
.stack-trace { display: none;} 
</style>
<script type="text/javascript">
<!--
function flip(e) {
  current = e.style.display;
  if (current == 'block') {
    e.style.display = 'none';
    return 0;
  }
  else {
    e.style.display = 'block';
    return 1;
  }
}

function toggleBox(szDivId, elem, msg1, msg2)
{
  var res = -1;  if (document.getElementById) {
    res = flip(document.getElementById(szDivId));
  }
  else if (document.all) {
    // this is the way old msie versions work
    res = flip(document.all[szDivId]);
  }
  if(elem) {
    if(res == 0) elem.innerHTML = msg1; else elem.innerHTML = msg2;
  }

}

function toggleAllBoxes() {
  if (document.getElementsByTagName) {
    d = document.getElementsByTagName('div');
    for (i = 0; i < d.length; i++) {
      if (d[i].className == 'log') {
        flip(d[i]);
      }
    }
  }
}

// -->
</script>

</head>
<body>
<h2 align='center'>Test</h2><table border='1' align="center">
<tr>
<td>Tests passed/Failed/Skipped:</td><td>0/0/30</td>
</tr><tr>
<td>Started on:</td><td>Fri Aug 04 12:55:49 IST 2017</td>
</tr>
<tr><td>Total time:</td><td>15 seconds (15549 ms)</td>
</tr><tr>
<td>Included groups:</td><td></td>
</tr><tr>
<td>Excluded groups:</td><td></td>
</tr>
</table><p/>
<small><i>(Hover the method name to see the test class name)</i></small><p/>
<table width='100%' border='1' class='invocation-failed'>
<tr><td colspan='4' align='center'><b>FAILED CONFIGURATIONS</b></td></tr>
<tr><td><b>Test method</b></td>
<td width="30%"><b>Exception</b></td>
<td width="10%"><b>Time (seconds)</b></td>
<td><b>Instance</b></td>
</tr>
<tr>
<td title='facebook_TC.Send_FriendRequest.friendrequest_base()'><b>friendrequest_base</b><br>Test class: facebook_TC.Send_FriendRequest</td>
<td><div><pre>java.io.FileNotFoundException: D:\workspace\Indonesia_Hutch\src\test\java\Config\config.properties (The device is not ready)
	at java.io.FileInputStream.open0(Native Method)
	at java.io.FileInputStream.open(FileInputStream.java:195)
	at java.io.FileInputStream.&lt;init&gt;(FileInputStream.java:138)
	at listeners.ExtentListeners.loadProperties(ExtentListeners.java:33)
	at facebook_TC.facebook_Base.init(facebook_Base.java:48)
	at facebook_TC.Send_FriendRequest.friendrequest_base(Send_FriendRequest.java:19)
... Removed 25 stack frames</pre></div><a href='#' onClick='toggleBox("stack-trace1412601264", this, "Click to show all stack frames", "Click to hide stack frames")'>Click to show all stack frames</a>
<div class='stack-trace' id='stack-trace1412601264'><pre>java.io.FileNotFoundException: D:\workspace\Indonesia_Hutch\src\test\java\Config\config.properties (The device is not ready)
	at java.io.FileInputStream.open0(Native Method)
	at java.io.FileInputStream.open(FileInputStream.java:195)
	at java.io.FileInputStream.&lt;init&gt;(FileInputStream.java:138)
	at listeners.ExtentListeners.loadProperties(ExtentListeners.java:33)
	at facebook_TC.facebook_Base.init(facebook_Base.java:48)
	at facebook_TC.Send_FriendRequest.friendrequest_base(Send_FriendRequest.java:19)
	at sun.reflect.NativeMethodAccessorImpl.invoke0(Native Method)
	at sun.reflect.NativeMethodAccessorImpl.invoke(NativeMethodAccessorImpl.java:62)
	at sun.reflect.DelegatingMethodAccessorImpl.invoke(DelegatingMethodAccessorImpl.java:43)
	at java.lang.reflect.Method.invoke(Method.java:498)
	at org.testng.internal.MethodInvocationHelper.invokeMethod(MethodInvocationHelper.java:85)
	at org.testng.internal.Invoker.invokeConfigurationMethod(Invoker.java:510)
	at org.testng.internal.Invoker.invokeConfigurations(Invoker.java:211)
	at org.testng.internal.Invoker.invokeConfigurations(Invoker.java:138)
	at org.testng.TestRunner.beforeRun(TestRunner.java:647)
	at org.testng.TestRunner.run(TestRunner.java:615)
	at org.testng.SuiteRunner.runTest(SuiteRunner.java:357)
	at org.testng.SuiteRunner.runSequentially(SuiteRunner.java:352)
	at org.testng.SuiteRunner.privateRun(SuiteRunner.java:310)
	at org.testng.SuiteRunner.run(SuiteRunner.java:259)
	at org.testng.SuiteRunnerWorker.runSuite(SuiteRunnerWorker.java:52)
	at org.testng.SuiteRunnerWorker.run(SuiteRunnerWorker.java:86)
	at org.testng.TestNG.runSuitesSequentially(TestNG.java:1185)
	at org.testng.TestNG.runSuitesLocally(TestNG.java:1110)
	at org.testng.TestNG.run(TestNG.java:1018)
	at org.apache.maven.surefire.testng.TestNGExecutor.run(TestNGExecutor.java:282)
	at org.apache.maven.surefire.testng.TestNGXmlTestSuite.execute(TestNGXmlTestSuite.java:83)
	at org.apache.maven.surefire.testng.TestNGProvider.invoke(TestNGProvider.java:114)
	at org.apache.maven.surefire.booter.ForkedBooter.invokeProviderInSameClassLoader(ForkedBooter.java:286)
	at org.apache.maven.surefire.booter.ForkedBooter.runSuitesInProcess(ForkedBooter.java:240)
	at org.apache.maven.surefire.booter.ForkedBooter.main(ForkedBooter.java:121)
</pre></div></td>
<td>0</td>
<td>null</td></tr>
</table><p>
<table width='100%' border='1' class='invocation-skipped'>
<tr><td colspan='4' align='center'><b>SKIPPED CONFIGURATIONS</b></td></tr>
<tr><td><b>Test method</b></td>
<td width="30%"><b>Exception</b></td>
<td width="10%"><b>Time (seconds)</b></td>
<td><b>Instance</b></td>
</tr>
<tr>
<td title='facebook_TC.Send_FriendRequest.notification_base()'><b>notification_base</b><br>Test class: facebook_TC.Send_FriendRequest</td>
<td></td>
<td>0</td>
<td>null</td></tr>
<tr>
<td title='facebook_TC.Send_FriendRequest.settings_base()'><b>settings_base</b><br>Test class: facebook_TC.Send_FriendRequest</td>
<td></td>
<td>0</td>
<td>null</td></tr>
<tr>
<td title='facebook_TC.Send_FriendRequest.newsfeed_base()'><b>newsfeed_base</b><br>Test class: facebook_TC.Send_FriendRequest</td>
<td></td>
<td>0</td>
<td>null</td></tr>
<tr>
<td title='facebook_TC.Send_FriendRequest.notification_base()'><b>notification_base</b><br>Test class: facebook_TC.Send_FriendRequest</td>
<td></td>
<td>0</td>
<td>null</td></tr>
<tr>
<td title='facebook_TC.Send_FriendRequest.wallpost_base()'><b>wallpost_base</b><br>Test class: facebook_TC.Send_FriendRequest</td>
<td></td>
<td>0</td>
<td>null</td></tr>
<tr>
<td title='facebook_TC.Pending_FriendRequest_FB.beforeMethod()'><b>beforeMethod</b><br>Test class: facebook_TC.Pending_FriendRequest_FB</td>
<td></td>
<td>0</td>
<td>facebook_TC.Pending_FriendRequest_FB@6536e911</td></tr>
<tr>
<td title='facebook_TC.Pending_FriendRequest_FB.friendrequest_base()'><b>friendrequest_base</b><br>Test class: facebook_TC.Pending_FriendRequest_FB</td>
<td></td>
<td>0</td>
<td>facebook_TC.Pending_FriendRequest_FB@6536e911</td></tr>
<tr>
<td title='facebook_TC.newsFeed_FB.beforeMethod()'><b>beforeMethod</b><br>Test class: facebook_TC.newsFeed_FB</td>
<td></td>
<td>0</td>
<td>facebook_TC.newsFeed_FB@731a74c</td></tr>
<tr>
<td title='facebook_TC.chat_SendMsg.beforeMethod()'><b>beforeMethod</b><br>Test class: facebook_TC.chat_SendMsg</td>
<td></td>
<td>0</td>
<td>facebook_TC.chat_SendMsg@369f73a2</td></tr>
<tr>
<td title='facebook_TC.chat_Notification_Check.beforeMethod()'><b>beforeMethod</b><br>Test class: facebook_TC.chat_Notification_Check</td>
<td></td>
<td>0</td>
<td>facebook_TC.chat_Notification_Check@1f28c152</td></tr>
<tr>
<td title='facebook_TC.chat_Notification_Check.notification_base()'><b>notification_base</b><br>Test class: facebook_TC.chat_Notification_Check</td>
<td></td>
<td>0</td>
<td>facebook_TC.chat_Notification_Check@1f28c152</td></tr>
<tr>
<td title='facebook_TC.chat_Select.beforeMethod()'><b>beforeMethod</b><br>Test class: facebook_TC.chat_Select</td>
<td></td>
<td>0</td>
<td>facebook_TC.chat_Select@7791a895</td></tr>
<tr>
<td title='facebook_TC.chat_Select.notification_base()'><b>notification_base</b><br>Test class: facebook_TC.chat_Select</td>
<td></td>
<td>0</td>
<td>facebook_TC.chat_Select@7791a895</td></tr>
<tr>
<td title='facebook_TC.facebook_settings.beforeMethod()'><b>beforeMethod</b><br>Test class: facebook_TC.facebook_settings</td>
<td></td>
<td>0</td>
<td>facebook_TC.facebook_settings@1d16f93d</td></tr>
<tr>
<td title='facebook_TC.Send_FriendRequest.beforeMethod()'><b>beforeMethod</b><br>Test class: facebook_TC.Send_FriendRequest</td>
<td></td>
<td>0</td>
<td>facebook_TC.Send_FriendRequest@67b92f0a</td></tr>
<tr>
<td title='facebook_TC.Logout.beforeMethod()'><b>beforeMethod</b><br>Test class: facebook_TC.Logout</td>
<td></td>
<td>0</td>
<td>facebook_TC.Logout@2b9627bc</td></tr>
<tr>
<td title='facebook_TC.notification_FB.beforeMethod()'><b>beforeMethod</b><br>Test class: facebook_TC.notification_FB</td>
<td></td>
<td>0</td>
<td>facebook_TC.notification_FB@65e2dbf3</td></tr>
<tr>
<td title='facebook_TC.chat_SendingMsg.beforeMethod()'><b>beforeMethod</b><br>Test class: facebook_TC.chat_SendingMsg</td>
<td></td>
<td>0</td>
<td>facebook_TC.chat_SendingMsg@4f970963</td></tr>
<tr>
<td title='facebook_TC.chat_SendingMsg.notification_base()'><b>notification_base</b><br>Test class: facebook_TC.chat_SendingMsg</td>
<td></td>
<td>0</td>
<td>facebook_TC.chat_SendingMsg@4f970963</td></tr>
<tr>
<td title='facebook_TC.chat_Reply.beforeMethod()'><b>beforeMethod</b><br>Test class: facebook_TC.chat_Reply</td>
<td></td>
<td>0</td>
<td>facebook_TC.chat_Reply@887af79</td></tr>
<tr>
<td title='facebook_TC.chat_Reply.notification_base()'><b>notification_base</b><br>Test class: facebook_TC.chat_Reply</td>
<td></td>
<td>0</td>
<td>facebook_TC.chat_Reply@887af79</td></tr>
<tr>
<td title='facebook_TC.wallpost_FB.beforeMethod()'><b>beforeMethod</b><br>Test class: facebook_TC.wallpost_FB</td>
<td></td>
<td>0</td>
<td>facebook_TC.wallpost_FB@5b87ed94</td></tr>
<tr>
<td title='facebook_TC.Login.beforeMethod()'><b>beforeMethod</b><br>Test class: facebook_TC.Login</td>
<td></td>
<td>0</td>
<td>facebook_TC.Login@5bc79255</td></tr>
<tr>
<td title='facebook_TC.Pending_FriendRequest_FB.tear_Down()'><b>tear_Down</b><br>Test class: facebook_TC.Pending_FriendRequest_FB</td>
<td></td>
<td>0</td>
<td>facebook_TC.Pending_FriendRequest_FB@6536e911</td></tr>
<tr>
<td title='facebook_TC.Pending_FriendRequest_FB.afterMethod()'><b>afterMethod</b><br>Test class: facebook_TC.Pending_FriendRequest_FB</td>
<td></td>
<td>0</td>
<td>facebook_TC.Pending_FriendRequest_FB@6536e911</td></tr>
<tr>
<td title='facebook_TC.newsFeed_FB.afterMethod()'><b>afterMethod</b><br>Test class: facebook_TC.newsFeed_FB</td>
<td></td>
<td>0</td>
<td>facebook_TC.newsFeed_FB@731a74c</td></tr>
<tr>
<td title='facebook_TC.chat_SendMsg.afterMethod()'><b>afterMethod</b><br>Test class: facebook_TC.chat_SendMsg</td>
<td></td>
<td>0</td>
<td>facebook_TC.chat_SendMsg@369f73a2</td></tr>
<tr>
<td title='facebook_TC.chat_Notification_Check.tear_Down()'><b>tear_Down</b><br>Test class: facebook_TC.chat_Notification_Check</td>
<td></td>
<td>0</td>
<td>facebook_TC.chat_Notification_Check@1f28c152</td></tr>
<tr>
<td title='facebook_TC.chat_Notification_Check.afterMethod()'><b>afterMethod</b><br>Test class: facebook_TC.chat_Notification_Check</td>
<td></td>
<td>0</td>
<td>facebook_TC.chat_Notification_Check@1f28c152</td></tr>
<tr>
<td title='facebook_TC.chat_Select.tear_Down()'><b>tear_Down</b><br>Test class: facebook_TC.chat_Select</td>
<td></td>
<td>0</td>
<td>facebook_TC.chat_Select@7791a895</td></tr>
<tr>
<td title='facebook_TC.chat_Select.afterMethod()'><b>afterMethod</b><br>Test class: facebook_TC.chat_Select</td>
<td></td>
<td>0</td>
<td>facebook_TC.chat_Select@7791a895</td></tr>
<tr>
<td title='facebook_TC.facebook_settings.afterMethod()'><b>afterMethod</b><br>Test class: facebook_TC.facebook_settings</td>
<td></td>
<td>0</td>
<td>facebook_TC.facebook_settings@1d16f93d</td></tr>
<tr>
<td title='facebook_TC.Send_FriendRequest.afterMethod()'><b>afterMethod</b><br>Test class: facebook_TC.Send_FriendRequest</td>
<td></td>
<td>0</td>
<td>facebook_TC.Send_FriendRequest@67b92f0a</td></tr>
<tr>
<td title='facebook_TC.Logout.tear_Down()'><b>tear_Down</b><br>Test class: facebook_TC.Logout</td>
<td></td>
<td>0</td>
<td>facebook_TC.Logout@2b9627bc</td></tr>
<tr>
<td title='facebook_TC.Logout.afterMethod()'><b>afterMethod</b><br>Test class: facebook_TC.Logout</td>
<td></td>
<td>0</td>
<td>facebook_TC.Logout@2b9627bc</td></tr>
<tr>
<td title='facebook_TC.notification_FB.afterMethod()'><b>afterMethod</b><br>Test class: facebook_TC.notification_FB</td>
<td></td>
<td>0</td>
<td>facebook_TC.notification_FB@65e2dbf3</td></tr>
<tr>
<td title='facebook_TC.chat_SendingMsg.tear_Down()'><b>tear_Down</b><br>Test class: facebook_TC.chat_SendingMsg</td>
<td></td>
<td>0</td>
<td>facebook_TC.chat_SendingMsg@4f970963</td></tr>
<tr>
<td title='facebook_TC.chat_SendingMsg.afterMethod()'><b>afterMethod</b><br>Test class: facebook_TC.chat_SendingMsg</td>
<td></td>
<td>0</td>
<td>facebook_TC.chat_SendingMsg@4f970963</td></tr>
<tr>
<td title='facebook_TC.chat_Reply.tear_Down()'><b>tear_Down</b><br>Test class: facebook_TC.chat_Reply</td>
<td></td>
<td>0</td>
<td>facebook_TC.chat_Reply@887af79</td></tr>
<tr>
<td title='facebook_TC.chat_Reply.afterMethod()'><b>afterMethod</b><br>Test class: facebook_TC.chat_Reply</td>
<td></td>
<td>0</td>
<td>facebook_TC.chat_Reply@887af79</td></tr>
<tr>
<td title='facebook_TC.wallpost_FB.afterMethod()'><b>afterMethod</b><br>Test class: facebook_TC.wallpost_FB</td>
<td></td>
<td>0</td>
<td>facebook_TC.wallpost_FB@5b87ed94</td></tr>
<tr>
<td title='facebook_TC.Login.tear_Down()'><b>tear_Down</b><br>Test class: facebook_TC.Login</td>
<td></td>
<td>0</td>
<td>facebook_TC.Login@5bc79255</td></tr>
<tr>
<td title='facebook_TC.Login.afterMethod()'><b>afterMethod</b><br>Test class: facebook_TC.Login</td>
<td></td>
<td>0</td>
<td>facebook_TC.Login@5bc79255</td></tr>
<tr>
<td title='facebook_TC.Send_FriendRequest.tear_Down()'><b>tear_Down</b><br>Test class: facebook_TC.Send_FriendRequest</td>
<td></td>
<td>0</td>
<td>null</td></tr>
<tr>
<td title='facebook_TC.Send_FriendRequest.tear_Down()'><b>tear_Down</b><br>Test class: facebook_TC.Send_FriendRequest</td>
<td></td>
<td>0</td>
<td>null</td></tr>
<tr>
<td title='facebook_TC.Send_FriendRequest.tear_Down()'><b>tear_Down</b><br>Test class: facebook_TC.Send_FriendRequest</td>
<td></td>
<td>0</td>
<td>null</td></tr>
<tr>
<td title='facebook_TC.Send_FriendRequest.tear_Down()'><b>tear_Down</b><br>Test class: facebook_TC.Send_FriendRequest</td>
<td></td>
<td>0</td>
<td>null</td></tr>
<tr>
<td title='facebook_TC.Send_FriendRequest.tear_Down()'><b>tear_Down</b><br>Test class: facebook_TC.Send_FriendRequest</td>
<td></td>
<td>0</td>
<td>null</td></tr>
<tr>
<td title='facebook_TC.Send_FriendRequest.tear_Down()'><b>tear_Down</b><br>Test class: facebook_TC.Send_FriendRequest</td>
<td></td>
<td>0</td>
<td>null</td></tr>
</table><p>
<table width='100%' border='1' class='invocation-skipped'>
<tr><td colspan='4' align='center'><b>SKIPPED TESTS</b></td></tr>
<tr><td><b>Test method</b></td>
<td width="30%"><b>Exception</b></td>
<td width="10%"><b>Time (seconds)</b></td>
<td><b>Instance</b></td>
</tr>
<tr>
<td title='facebook_TC.chat_SendMsg.chat_home()'><b>chat_home</b><br>Test class: facebook_TC.chat_SendMsg</td>
<td><div><pre>java.lang.Throwable: Method chat_SendMsg.chat_home()[pri:0, instance:facebook_TC.chat_SendMsg@369f73a2] depends on not successfully finished methods
... Removed 20 stack frames</pre></div><a href='#' onClick='toggleBox("stack-trace1579957528", this, "Click to show all stack frames", "Click to hide stack frames")'>Click to show all stack frames</a>
<div class='stack-trace' id='stack-trace1579957528'><pre>java.lang.Throwable: Method chat_SendMsg.chat_home()[pri:0, instance:facebook_TC.chat_SendMsg@369f73a2] depends on not successfully finished methods
	at org.testng.internal.Invoker.invokeTestMethods(Invoker.java:1040)
	at org.testng.internal.TestMethodWorker.invokeTestMethods(TestMethodWorker.java:124)
	at org.testng.internal.TestMethodWorker.run(TestMethodWorker.java:108)
	at org.testng.TestRunner.privateRun(TestRunner.java:773)
	at org.testng.TestRunner.run(TestRunner.java:623)
	at org.testng.SuiteRunner.runTest(SuiteRunner.java:357)
	at org.testng.SuiteRunner.runSequentially(SuiteRunner.java:352)
	at org.testng.SuiteRunner.privateRun(SuiteRunner.java:310)
	at org.testng.SuiteRunner.run(SuiteRunner.java:259)
	at org.testng.SuiteRunnerWorker.runSuite(SuiteRunnerWorker.java:52)
	at org.testng.SuiteRunnerWorker.run(SuiteRunnerWorker.java:86)
	at org.testng.TestNG.runSuitesSequentially(TestNG.java:1185)
	at org.testng.TestNG.runSuitesLocally(TestNG.java:1110)
	at org.testng.TestNG.run(TestNG.java:1018)
	at org.apache.maven.surefire.testng.TestNGExecutor.run(TestNGExecutor.java:282)
	at org.apache.maven.surefire.testng.TestNGXmlTestSuite.execute(TestNGXmlTestSuite.java:83)
	at org.apache.maven.surefire.testng.TestNGProvider.invoke(TestNGProvider.java:114)
	at org.apache.maven.surefire.booter.ForkedBooter.invokeProviderInSameClassLoader(ForkedBooter.java:286)
	at org.apache.maven.surefire.booter.ForkedBooter.runSuitesInProcess(ForkedBooter.java:240)
	at org.apache.maven.surefire.booter.ForkedBooter.main(ForkedBooter.java:121)
</pre></div></td>
<td>0</td>
<td>null</td></tr>
<tr>
<td title='facebook_TC.chat_Notification_Check.chat_notification_check()'><b>chat_notification_check</b><br>Test class: facebook_TC.chat_Notification_Check</td>
<td></td>
<td>0</td>
<td>facebook_TC.chat_Notification_Check@1f28c152</td></tr>
<tr>
<td title='facebook_TC.chat_Reply.chat_reply()'><b>chat_reply</b><br>Test class: facebook_TC.chat_Reply</td>
<td></td>
<td>0</td>
<td>facebook_TC.chat_Reply@887af79</td></tr>
<tr>
<td title='facebook_TC.chat_Select.chat_select()'><b>chat_select</b><br>Test class: facebook_TC.chat_Select</td>
<td></td>
<td>0</td>
<td>facebook_TC.chat_Select@7791a895</td></tr>
<tr>
<td title='facebook_TC.chat_SendMsg.chat_sendMsg()'><b>chat_sendMsg</b><br>Test class: facebook_TC.chat_SendMsg</td>
<td></td>
<td>0</td>
<td>facebook_TC.chat_SendMsg@369f73a2</td></tr>
<tr>
<td title='facebook_TC.newsFeed_FB.invalid_option1_FB()'><b>invalid_option1_FB</b><br>Test class: facebook_TC.newsFeed_FB</td>
<td><div><pre>java.lang.Throwable: Method newsFeed_FB.invalid_option1_FB()[pri:0, instance:facebook_TC.newsFeed_FB@731a74c] depends on not successfully finished methods
... Removed 20 stack frames</pre></div><a href='#' onClick='toggleBox("stack-trace95396809", this, "Click to show all stack frames", "Click to hide stack frames")'>Click to show all stack frames</a>
<div class='stack-trace' id='stack-trace95396809'><pre>java.lang.Throwable: Method newsFeed_FB.invalid_option1_FB()[pri:0, instance:facebook_TC.newsFeed_FB@731a74c] depends on not successfully finished methods
	at org.testng.internal.Invoker.invokeTestMethods(Invoker.java:1040)
	at org.testng.internal.TestMethodWorker.invokeTestMethods(TestMethodWorker.java:124)
	at org.testng.internal.TestMethodWorker.run(TestMethodWorker.java:108)
	at org.testng.TestRunner.privateRun(TestRunner.java:773)
	at org.testng.TestRunner.run(TestRunner.java:623)
	at org.testng.SuiteRunner.runTest(SuiteRunner.java:357)
	at org.testng.SuiteRunner.runSequentially(SuiteRunner.java:352)
	at org.testng.SuiteRunner.privateRun(SuiteRunner.java:310)
	at org.testng.SuiteRunner.run(SuiteRunner.java:259)
	at org.testng.SuiteRunnerWorker.runSuite(SuiteRunnerWorker.java:52)
	at org.testng.SuiteRunnerWorker.run(SuiteRunnerWorker.java:86)
	at org.testng.TestNG.runSuitesSequentially(TestNG.java:1185)
	at org.testng.TestNG.runSuitesLocally(TestNG.java:1110)
	at org.testng.TestNG.run(TestNG.java:1018)
	at org.apache.maven.surefire.testng.TestNGExecutor.run(TestNGExecutor.java:282)
	at org.apache.maven.surefire.testng.TestNGXmlTestSuite.execute(TestNGXmlTestSuite.java:83)
	at org.apache.maven.surefire.testng.TestNGProvider.invoke(TestNGProvider.java:114)
	at org.apache.maven.surefire.booter.ForkedBooter.invokeProviderInSameClassLoader(ForkedBooter.java:286)
	at org.apache.maven.surefire.booter.ForkedBooter.runSuitesInProcess(ForkedBooter.java:240)
	at org.apache.maven.surefire.booter.ForkedBooter.main(ForkedBooter.java:121)
</pre></div></td>
<td>0</td>
<td>null</td></tr>
<tr>
<td title='facebook_TC.newsFeed_FB.invalid_option2_FB()'><b>invalid_option2_FB</b><br>Test class: facebook_TC.newsFeed_FB</td>
<td><div><pre>java.lang.Throwable: Method newsFeed_FB.invalid_option2_FB()[pri:0, instance:facebook_TC.newsFeed_FB@731a74c] depends on not successfully finished methods
... Removed 20 stack frames</pre></div><a href='#' onClick='toggleBox("stack-trace1912821769", this, "Click to show all stack frames", "Click to hide stack frames")'>Click to show all stack frames</a>
<div class='stack-trace' id='stack-trace1912821769'><pre>java.lang.Throwable: Method newsFeed_FB.invalid_option2_FB()[pri:0, instance:facebook_TC.newsFeed_FB@731a74c] depends on not successfully finished methods
	at org.testng.internal.Invoker.invokeTestMethods(Invoker.java:1040)
	at org.testng.internal.TestMethodWorker.invokeTestMethods(TestMethodWorker.java:124)
	at org.testng.internal.TestMethodWorker.run(TestMethodWorker.java:108)
	at org.testng.TestRunner.privateRun(TestRunner.java:773)
	at org.testng.TestRunner.run(TestRunner.java:623)
	at org.testng.SuiteRunner.runTest(SuiteRunner.java:357)
	at org.testng.SuiteRunner.runSequentially(SuiteRunner.java:352)
	at org.testng.SuiteRunner.privateRun(SuiteRunner.java:310)
	at org.testng.SuiteRunner.run(SuiteRunner.java:259)
	at org.testng.SuiteRunnerWorker.runSuite(SuiteRunnerWorker.java:52)
	at org.testng.SuiteRunnerWorker.run(SuiteRunnerWorker.java:86)
	at org.testng.TestNG.runSuitesSequentially(TestNG.java:1185)
	at org.testng.TestNG.runSuitesLocally(TestNG.java:1110)
	at org.testng.TestNG.run(TestNG.java:1018)
	at org.apache.maven.surefire.testng.TestNGExecutor.run(TestNGExecutor.java:282)
	at org.apache.maven.surefire.testng.TestNGXmlTestSuite.execute(TestNGXmlTestSuite.java:83)
	at org.apache.maven.surefire.testng.TestNGProvider.invoke(TestNGProvider.java:114)
	at org.apache.maven.surefire.booter.ForkedBooter.invokeProviderInSameClassLoader(ForkedBooter.java:286)
	at org.apache.maven.surefire.booter.ForkedBooter.runSuitesInProcess(ForkedBooter.java:240)
	at org.apache.maven.surefire.booter.ForkedBooter.main(ForkedBooter.java:121)
</pre></div></td>
<td>0</td>
<td>null</td></tr>
<tr>
<td title='facebook_TC.newsFeed_FB.invalid_option3_FB()'><b>invalid_option3_FB</b><br>Test class: facebook_TC.newsFeed_FB</td>
<td><div><pre>java.lang.Throwable: Method newsFeed_FB.invalid_option3_FB()[pri:0, instance:facebook_TC.newsFeed_FB@731a74c] depends on not successfully finished methods
... Removed 20 stack frames</pre></div><a href='#' onClick='toggleBox("stack-trace151593342", this, "Click to show all stack frames", "Click to hide stack frames")'>Click to show all stack frames</a>
<div class='stack-trace' id='stack-trace151593342'><pre>java.lang.Throwable: Method newsFeed_FB.invalid_option3_FB()[pri:0, instance:facebook_TC.newsFeed_FB@731a74c] depends on not successfully finished methods
	at org.testng.internal.Invoker.invokeTestMethods(Invoker.java:1040)
	at org.testng.internal.TestMethodWorker.invokeTestMethods(TestMethodWorker.java:124)
	at org.testng.internal.TestMethodWorker.run(TestMethodWorker.java:108)
	at org.testng.TestRunner.privateRun(TestRunner.java:773)
	at org.testng.TestRunner.run(TestRunner.java:623)
	at org.testng.SuiteRunner.runTest(SuiteRunner.java:357)
	at org.testng.SuiteRunner.runSequentially(SuiteRunner.java:352)
	at org.testng.SuiteRunner.privateRun(SuiteRunner.java:310)
	at org.testng.SuiteRunner.run(SuiteRunner.java:259)
	at org.testng.SuiteRunnerWorker.runSuite(SuiteRunnerWorker.java:52)
	at org.testng.SuiteRunnerWorker.run(SuiteRunnerWorker.java:86)
	at org.testng.TestNG.runSuitesSequentially(TestNG.java:1185)
	at org.testng.TestNG.runSuitesLocally(TestNG.java:1110)
	at org.testng.TestNG.run(TestNG.java:1018)
	at org.apache.maven.surefire.testng.TestNGExecutor.run(TestNGExecutor.java:282)
	at org.apache.maven.surefire.testng.TestNGXmlTestSuite.execute(TestNGXmlTestSuite.java:83)
	at org.apache.maven.surefire.testng.TestNGProvider.invoke(TestNGProvider.java:114)
	at org.apache.maven.surefire.booter.ForkedBooter.invokeProviderInSameClassLoader(ForkedBooter.java:286)
	at org.apache.maven.surefire.booter.ForkedBooter.runSuitesInProcess(ForkedBooter.java:240)
	at org.apache.maven.surefire.booter.ForkedBooter.main(ForkedBooter.java:121)
</pre></div></td>
<td>0</td>
<td>null</td></tr>
<tr>
<td title='facebook_TC.newsFeed_FB.invalid_option4_FB()'><b>invalid_option4_FB</b><br>Test class: facebook_TC.newsFeed_FB</td>
<td><div><pre>java.lang.Throwable: Method newsFeed_FB.invalid_option4_FB()[pri:0, instance:facebook_TC.newsFeed_FB@731a74c] depends on not successfully finished methods
... Removed 20 stack frames</pre></div><a href='#' onClick='toggleBox("stack-trace405215542", this, "Click to show all stack frames", "Click to hide stack frames")'>Click to show all stack frames</a>
<div class='stack-trace' id='stack-trace405215542'><pre>java.lang.Throwable: Method newsFeed_FB.invalid_option4_FB()[pri:0, instance:facebook_TC.newsFeed_FB@731a74c] depends on not successfully finished methods
	at org.testng.internal.Invoker.invokeTestMethods(Invoker.java:1040)
	at org.testng.internal.TestMethodWorker.invokeTestMethods(TestMethodWorker.java:124)
	at org.testng.internal.TestMethodWorker.run(TestMethodWorker.java:108)
	at org.testng.TestRunner.privateRun(TestRunner.java:773)
	at org.testng.TestRunner.run(TestRunner.java:623)
	at org.testng.SuiteRunner.runTest(SuiteRunner.java:357)
	at org.testng.SuiteRunner.runSequentially(SuiteRunner.java:352)
	at org.testng.SuiteRunner.privateRun(SuiteRunner.java:310)
	at org.testng.SuiteRunner.run(SuiteRunner.java:259)
	at org.testng.SuiteRunnerWorker.runSuite(SuiteRunnerWorker.java:52)
	at org.testng.SuiteRunnerWorker.run(SuiteRunnerWorker.java:86)
	at org.testng.TestNG.runSuitesSequentially(TestNG.java:1185)
	at org.testng.TestNG.runSuitesLocally(TestNG.java:1110)
	at org.testng.TestNG.run(TestNG.java:1018)
	at org.apache.maven.surefire.testng.TestNGExecutor.run(TestNGExecutor.java:282)
	at org.apache.maven.surefire.testng.TestNGXmlTestSuite.execute(TestNGXmlTestSuite.java:83)
	at org.apache.maven.surefire.testng.TestNGProvider.invoke(TestNGProvider.java:114)
	at org.apache.maven.surefire.booter.ForkedBooter.invokeProviderInSameClassLoader(ForkedBooter.java:286)
	at org.apache.maven.surefire.booter.ForkedBooter.runSuitesInProcess(ForkedBooter.java:240)
	at org.apache.maven.surefire.booter.ForkedBooter.main(ForkedBooter.java:121)
</pre></div></td>
<td>0</td>
<td>null</td></tr>
<tr>
<td title='facebook_TC.Login.login()'><b>login</b><br>Test class: facebook_TC.Login</td>
<td></td>
<td>0</td>
<td>facebook_TC.Login@5bc79255</td></tr>
<tr>
<td title='facebook_TC.Logout.logout()'><b>logout</b><br>Test class: facebook_TC.Logout</td>
<td></td>
<td>0</td>
<td>facebook_TC.Logout@2b9627bc</td></tr>
<tr>
<td title='facebook_TC.newsFeed_FB.newsfeed_select_FB()'><b>newsfeed_select_FB</b><br>Test class: facebook_TC.newsFeed_FB</td>
<td></td>
<td>0</td>
<td>facebook_TC.newsFeed_FB@731a74c</td></tr>
<tr>
<td title='facebook_TC.notification_FB.notif_invalidinput1_FB()'><b>notif_invalidinput1_FB</b><br>Test class: facebook_TC.notification_FB</td>
<td><div><pre>java.lang.Throwable: Method notification_FB.notif_invalidinput1_FB()[pri:0, instance:facebook_TC.notification_FB@65e2dbf3] depends on not successfully finished methods
... Removed 20 stack frames</pre></div><a href='#' onClick='toggleBox("stack-trace1158676965", this, "Click to show all stack frames", "Click to hide stack frames")'>Click to show all stack frames</a>
<div class='stack-trace' id='stack-trace1158676965'><pre>java.lang.Throwable: Method notification_FB.notif_invalidinput1_FB()[pri:0, instance:facebook_TC.notification_FB@65e2dbf3] depends on not successfully finished methods
	at org.testng.internal.Invoker.invokeTestMethods(Invoker.java:1040)
	at org.testng.internal.TestMethodWorker.invokeTestMethods(TestMethodWorker.java:124)
	at org.testng.internal.TestMethodWorker.run(TestMethodWorker.java:108)
	at org.testng.TestRunner.privateRun(TestRunner.java:773)
	at org.testng.TestRunner.run(TestRunner.java:623)
	at org.testng.SuiteRunner.runTest(SuiteRunner.java:357)
	at org.testng.SuiteRunner.runSequentially(SuiteRunner.java:352)
	at org.testng.SuiteRunner.privateRun(SuiteRunner.java:310)
	at org.testng.SuiteRunner.run(SuiteRunner.java:259)
	at org.testng.SuiteRunnerWorker.runSuite(SuiteRunnerWorker.java:52)
	at org.testng.SuiteRunnerWorker.run(SuiteRunnerWorker.java:86)
	at org.testng.TestNG.runSuitesSequentially(TestNG.java:1185)
	at org.testng.TestNG.runSuitesLocally(TestNG.java:1110)
	at org.testng.TestNG.run(TestNG.java:1018)
	at org.apache.maven.surefire.testng.TestNGExecutor.run(TestNGExecutor.java:282)
	at org.apache.maven.surefire.testng.TestNGXmlTestSuite.execute(TestNGXmlTestSuite.java:83)
	at org.apache.maven.surefire.testng.TestNGProvider.invoke(TestNGProvider.java:114)
	at org.apache.maven.surefire.booter.ForkedBooter.invokeProviderInSameClassLoader(ForkedBooter.java:286)
	at org.apache.maven.surefire.booter.ForkedBooter.runSuitesInProcess(ForkedBooter.java:240)
	at org.apache.maven.surefire.booter.ForkedBooter.main(ForkedBooter.java:121)
</pre></div></td>
<td>0</td>
<td>null</td></tr>
<tr>
<td title='facebook_TC.notification_FB.notif_invalidinput2_FB()'><b>notif_invalidinput2_FB</b><br>Test class: facebook_TC.notification_FB</td>
<td><div><pre>java.lang.Throwable: Method notification_FB.notif_invalidinput2_FB()[pri:0, instance:facebook_TC.notification_FB@65e2dbf3] depends on not successfully finished methods
... Removed 20 stack frames</pre></div><a href='#' onClick='toggleBox("stack-trace725680028", this, "Click to show all stack frames", "Click to hide stack frames")'>Click to show all stack frames</a>
<div class='stack-trace' id='stack-trace725680028'><pre>java.lang.Throwable: Method notification_FB.notif_invalidinput2_FB()[pri:0, instance:facebook_TC.notification_FB@65e2dbf3] depends on not successfully finished methods
	at org.testng.internal.Invoker.invokeTestMethods(Invoker.java:1040)
	at org.testng.internal.TestMethodWorker.invokeTestMethods(TestMethodWorker.java:124)
	at org.testng.internal.TestMethodWorker.run(TestMethodWorker.java:108)
	at org.testng.TestRunner.privateRun(TestRunner.java:773)
	at org.testng.TestRunner.run(TestRunner.java:623)
	at org.testng.SuiteRunner.runTest(SuiteRunner.java:357)
	at org.testng.SuiteRunner.runSequentially(SuiteRunner.java:352)
	at org.testng.SuiteRunner.privateRun(SuiteRunner.java:310)
	at org.testng.SuiteRunner.run(SuiteRunner.java:259)
	at org.testng.SuiteRunnerWorker.runSuite(SuiteRunnerWorker.java:52)
	at org.testng.SuiteRunnerWorker.run(SuiteRunnerWorker.java:86)
	at org.testng.TestNG.runSuitesSequentially(TestNG.java:1185)
	at org.testng.TestNG.runSuitesLocally(TestNG.java:1110)
	at org.testng.TestNG.run(TestNG.java:1018)
	at org.apache.maven.surefire.testng.TestNGExecutor.run(TestNGExecutor.java:282)
	at org.apache.maven.surefire.testng.TestNGXmlTestSuite.execute(TestNGXmlTestSuite.java:83)
	at org.apache.maven.surefire.testng.TestNGProvider.invoke(TestNGProvider.java:114)
	at org.apache.maven.surefire.booter.ForkedBooter.invokeProviderInSameClassLoader(ForkedBooter.java:286)
	at org.apache.maven.surefire.booter.ForkedBooter.runSuitesInProcess(ForkedBooter.java:240)
	at org.apache.maven.surefire.booter.ForkedBooter.main(ForkedBooter.java:121)
</pre></div></td>
<td>0</td>
<td>null</td></tr>
<tr>
<td title='facebook_TC.notification_FB.notif_invalidinput3_FB()'><b>notif_invalidinput3_FB</b><br>Test class: facebook_TC.notification_FB</td>
<td><div><pre>java.lang.Throwable: Method notification_FB.notif_invalidinput3_FB()[pri:0, instance:facebook_TC.notification_FB@65e2dbf3] depends on not successfully finished methods
... Removed 20 stack frames</pre></div><a href='#' onClick='toggleBox("stack-trace1040776996", this, "Click to show all stack frames", "Click to hide stack frames")'>Click to show all stack frames</a>
<div class='stack-trace' id='stack-trace1040776996'><pre>java.lang.Throwable: Method notification_FB.notif_invalidinput3_FB()[pri:0, instance:facebook_TC.notification_FB@65e2dbf3] depends on not successfully finished methods
	at org.testng.internal.Invoker.invokeTestMethods(Invoker.java:1040)
	at org.testng.internal.TestMethodWorker.invokeTestMethods(TestMethodWorker.java:124)
	at org.testng.internal.TestMethodWorker.run(TestMethodWorker.java:108)
	at org.testng.TestRunner.privateRun(TestRunner.java:773)
	at org.testng.TestRunner.run(TestRunner.java:623)
	at org.testng.SuiteRunner.runTest(SuiteRunner.java:357)
	at org.testng.SuiteRunner.runSequentially(SuiteRunner.java:352)
	at org.testng.SuiteRunner.privateRun(SuiteRunner.java:310)
	at org.testng.SuiteRunner.run(SuiteRunner.java:259)
	at org.testng.SuiteRunnerWorker.runSuite(SuiteRunnerWorker.java:52)
	at org.testng.SuiteRunnerWorker.run(SuiteRunnerWorker.java:86)
	at org.testng.TestNG.runSuitesSequentially(TestNG.java:1185)
	at org.testng.TestNG.runSuitesLocally(TestNG.java:1110)
	at org.testng.TestNG.run(TestNG.java:1018)
	at org.apache.maven.surefire.testng.TestNGExecutor.run(TestNGExecutor.java:282)
	at org.apache.maven.surefire.testng.TestNGXmlTestSuite.execute(TestNGXmlTestSuite.java:83)
	at org.apache.maven.surefire.testng.TestNGProvider.invoke(TestNGProvider.java:114)
	at org.apache.maven.surefire.booter.ForkedBooter.invokeProviderInSameClassLoader(ForkedBooter.java:286)
	at org.apache.maven.surefire.booter.ForkedBooter.runSuitesInProcess(ForkedBooter.java:240)
	at org.apache.maven.surefire.booter.ForkedBooter.main(ForkedBooter.java:121)
</pre></div></td>
<td>0</td>
<td>null</td></tr>
<tr>
<td title='facebook_TC.notification_FB.notif_select_FB()'><b>notif_select_FB</b><br>Test class: facebook_TC.notification_FB</td>
<td></td>
<td>0</td>
<td>facebook_TC.notification_FB@65e2dbf3</td></tr>
<tr>
<td title='facebook_TC.facebook_settings.notif_settings()'><b>notif_settings</b><br>Test class: facebook_TC.facebook_settings</td>
<td></td>
<td>0</td>
<td>facebook_TC.facebook_settings@1d16f93d</td></tr>
<tr>
<td title='facebook_TC.facebook_settings.notif_settings_2()'><b>notif_settings_2</b><br>Test class: facebook_TC.facebook_settings</td>
<td><div><pre>java.lang.Throwable: Method facebook_settings.notif_settings_2()[pri:0, instance:facebook_TC.facebook_settings@1d16f93d] depends on not successfully finished methods
... Removed 20 stack frames</pre></div><a href='#' onClick='toggleBox("stack-trace1896622931", this, "Click to show all stack frames", "Click to hide stack frames")'>Click to show all stack frames</a>
<div class='stack-trace' id='stack-trace1896622931'><pre>java.lang.Throwable: Method facebook_settings.notif_settings_2()[pri:0, instance:facebook_TC.facebook_settings@1d16f93d] depends on not successfully finished methods
	at org.testng.internal.Invoker.invokeTestMethods(Invoker.java:1040)
	at org.testng.internal.TestMethodWorker.invokeTestMethods(TestMethodWorker.java:124)
	at org.testng.internal.TestMethodWorker.run(TestMethodWorker.java:108)
	at org.testng.TestRunner.privateRun(TestRunner.java:773)
	at org.testng.TestRunner.run(TestRunner.java:623)
	at org.testng.SuiteRunner.runTest(SuiteRunner.java:357)
	at org.testng.SuiteRunner.runSequentially(SuiteRunner.java:352)
	at org.testng.SuiteRunner.privateRun(SuiteRunner.java:310)
	at org.testng.SuiteRunner.run(SuiteRunner.java:259)
	at org.testng.SuiteRunnerWorker.runSuite(SuiteRunnerWorker.java:52)
	at org.testng.SuiteRunnerWorker.run(SuiteRunnerWorker.java:86)
	at org.testng.TestNG.runSuitesSequentially(TestNG.java:1185)
	at org.testng.TestNG.runSuitesLocally(TestNG.java:1110)
	at org.testng.TestNG.run(TestNG.java:1018)
	at org.apache.maven.surefire.testng.TestNGExecutor.run(TestNGExecutor.java:282)
	at org.apache.maven.surefire.testng.TestNGXmlTestSuite.execute(TestNGXmlTestSuite.java:83)
	at org.apache.maven.surefire.testng.TestNGProvider.invoke(TestNGProvider.java:114)
	at org.apache.maven.surefire.booter.ForkedBooter.invokeProviderInSameClassLoader(ForkedBooter.java:286)
	at org.apache.maven.surefire.booter.ForkedBooter.runSuitesInProcess(ForkedBooter.java:240)
	at org.apache.maven.surefire.booter.ForkedBooter.main(ForkedBooter.java:121)
</pre></div></td>
<td>0</td>
<td>null</td></tr>
<tr>
<td title='facebook_TC.facebook_settings.notif_settings_3()'><b>notif_settings_3</b><br>Test class: facebook_TC.facebook_settings</td>
<td><div><pre>java.lang.Throwable: Method facebook_settings.notif_settings_3()[pri:0, instance:facebook_TC.facebook_settings@1d16f93d] depends on not successfully finished methods
... Removed 20 stack frames</pre></div><a href='#' onClick='toggleBox("stack-trace1401316767", this, "Click to show all stack frames", "Click to hide stack frames")'>Click to show all stack frames</a>
<div class='stack-trace' id='stack-trace1401316767'><pre>java.lang.Throwable: Method facebook_settings.notif_settings_3()[pri:0, instance:facebook_TC.facebook_settings@1d16f93d] depends on not successfully finished methods
	at org.testng.internal.Invoker.invokeTestMethods(Invoker.java:1040)
	at org.testng.internal.TestMethodWorker.invokeTestMethods(TestMethodWorker.java:124)
	at org.testng.internal.TestMethodWorker.run(TestMethodWorker.java:108)
	at org.testng.TestRunner.privateRun(TestRunner.java:773)
	at org.testng.TestRunner.run(TestRunner.java:623)
	at org.testng.SuiteRunner.runTest(SuiteRunner.java:357)
	at org.testng.SuiteRunner.runSequentially(SuiteRunner.java:352)
	at org.testng.SuiteRunner.privateRun(SuiteRunner.java:310)
	at org.testng.SuiteRunner.run(SuiteRunner.java:259)
	at org.testng.SuiteRunnerWorker.runSuite(SuiteRunnerWorker.java:52)
	at org.testng.SuiteRunnerWorker.run(SuiteRunnerWorker.java:86)
	at org.testng.TestNG.runSuitesSequentially(TestNG.java:1185)
	at org.testng.TestNG.runSuitesLocally(TestNG.java:1110)
	at org.testng.TestNG.run(TestNG.java:1018)
	at org.apache.maven.surefire.testng.TestNGExecutor.run(TestNGExecutor.java:282)
	at org.apache.maven.surefire.testng.TestNGXmlTestSuite.execute(TestNGXmlTestSuite.java:83)
	at org.apache.maven.surefire.testng.TestNGProvider.invoke(TestNGProvider.java:114)
	at org.apache.maven.surefire.booter.ForkedBooter.invokeProviderInSameClassLoader(ForkedBooter.java:286)
	at org.apache.maven.surefire.booter.ForkedBooter.runSuitesInProcess(ForkedBooter.java:240)
	at org.apache.maven.surefire.booter.ForkedBooter.main(ForkedBooter.java:121)
</pre></div></td>
<td>0</td>
<td>null</td></tr>
<tr>
<td title='facebook_TC.Send_FriendRequest.pending_friendrequest()'><b>pending_friendrequest</b><br>Test class: facebook_TC.Send_FriendRequest</td>
<td></td>
<td>0</td>
<td>facebook_TC.Send_FriendRequest@67b92f0a</td></tr>
<tr>
<td title='facebook_TC.Pending_FriendRequest_FB.pending_friendrequest_FB()'><b>pending_friendrequest_FB</b><br>Test class: facebook_TC.Pending_FriendRequest_FB</td>
<td></td>
<td>0</td>
<td>facebook_TC.Pending_FriendRequest_FB@6536e911</td></tr>
<tr>
<td title='facebook_TC.Send_FriendRequest.pending_friendrequest_home()'><b>pending_friendrequest_home</b><br>Test class: facebook_TC.Send_FriendRequest</td>
<td><div><pre>java.lang.Throwable: Method Send_FriendRequest.pending_friendrequest_home()[pri:0, instance:facebook_TC.Send_FriendRequest@67b92f0a] depends on not successfully finished methods
... Removed 20 stack frames</pre></div><a href='#' onClick='toggleBox("stack-trace391183339", this, "Click to show all stack frames", "Click to hide stack frames")'>Click to show all stack frames</a>
<div class='stack-trace' id='stack-trace391183339'><pre>java.lang.Throwable: Method Send_FriendRequest.pending_friendrequest_home()[pri:0, instance:facebook_TC.Send_FriendRequest@67b92f0a] depends on not successfully finished methods
	at org.testng.internal.Invoker.invokeTestMethods(Invoker.java:1040)
	at org.testng.internal.TestMethodWorker.invokeTestMethods(TestMethodWorker.java:124)
	at org.testng.internal.TestMethodWorker.run(TestMethodWorker.java:108)
	at org.testng.TestRunner.privateRun(TestRunner.java:773)
	at org.testng.TestRunner.run(TestRunner.java:623)
	at org.testng.SuiteRunner.runTest(SuiteRunner.java:357)
	at org.testng.SuiteRunner.runSequentially(SuiteRunner.java:352)
	at org.testng.SuiteRunner.privateRun(SuiteRunner.java:310)
	at org.testng.SuiteRunner.run(SuiteRunner.java:259)
	at org.testng.SuiteRunnerWorker.runSuite(SuiteRunnerWorker.java:52)
	at org.testng.SuiteRunnerWorker.run(SuiteRunnerWorker.java:86)
	at org.testng.TestNG.runSuitesSequentially(TestNG.java:1185)
	at org.testng.TestNG.runSuitesLocally(TestNG.java:1110)
	at org.testng.TestNG.run(TestNG.java:1018)
	at org.apache.maven.surefire.testng.TestNGExecutor.run(TestNGExecutor.java:282)
	at org.apache.maven.surefire.testng.TestNGXmlTestSuite.execute(TestNGXmlTestSuite.java:83)
	at org.apache.maven.surefire.testng.TestNGProvider.invoke(TestNGProvider.java:114)
	at org.apache.maven.surefire.booter.ForkedBooter.invokeProviderInSameClassLoader(ForkedBooter.java:286)
	at org.apache.maven.surefire.booter.ForkedBooter.runSuitesInProcess(ForkedBooter.java:240)
	at org.apache.maven.surefire.booter.ForkedBooter.main(ForkedBooter.java:121)
</pre></div></td>
<td>0</td>
<td>null</td></tr>
<tr>
<td title='facebook_TC.Send_FriendRequest.pending_friendrequest_home2()'><b>pending_friendrequest_home2</b><br>Test class: facebook_TC.Send_FriendRequest</td>
<td><div><pre>java.lang.Throwable: Method Send_FriendRequest.pending_friendrequest_home2()[pri:0, instance:facebook_TC.Send_FriendRequest@67b92f0a] depends on not successfully finished methods
... Removed 20 stack frames</pre></div><a href='#' onClick='toggleBox("stack-trace646910062", this, "Click to show all stack frames", "Click to hide stack frames")'>Click to show all stack frames</a>
<div class='stack-trace' id='stack-trace646910062'><pre>java.lang.Throwable: Method Send_FriendRequest.pending_friendrequest_home2()[pri:0, instance:facebook_TC.Send_FriendRequest@67b92f0a] depends on not successfully finished methods
	at org.testng.internal.Invoker.invokeTestMethods(Invoker.java:1040)
	at org.testng.internal.TestMethodWorker.invokeTestMethods(TestMethodWorker.java:124)
	at org.testng.internal.TestMethodWorker.run(TestMethodWorker.java:108)
	at org.testng.TestRunner.privateRun(TestRunner.java:773)
	at org.testng.TestRunner.run(TestRunner.java:623)
	at org.testng.SuiteRunner.runTest(SuiteRunner.java:357)
	at org.testng.SuiteRunner.runSequentially(SuiteRunner.java:352)
	at org.testng.SuiteRunner.privateRun(SuiteRunner.java:310)
	at org.testng.SuiteRunner.run(SuiteRunner.java:259)
	at org.testng.SuiteRunnerWorker.runSuite(SuiteRunnerWorker.java:52)
	at org.testng.SuiteRunnerWorker.run(SuiteRunnerWorker.java:86)
	at org.testng.TestNG.runSuitesSequentially(TestNG.java:1185)
	at org.testng.TestNG.runSuitesLocally(TestNG.java:1110)
	at org.testng.TestNG.run(TestNG.java:1018)
	at org.apache.maven.surefire.testng.TestNGExecutor.run(TestNGExecutor.java:282)
	at org.apache.maven.surefire.testng.TestNGXmlTestSuite.execute(TestNGXmlTestSuite.java:83)
	at org.apache.maven.surefire.testng.TestNGProvider.invoke(TestNGProvider.java:114)
	at org.apache.maven.surefire.booter.ForkedBooter.invokeProviderInSameClassLoader(ForkedBooter.java:286)
	at org.apache.maven.surefire.booter.ForkedBooter.runSuitesInProcess(ForkedBooter.java:240)
	at org.apache.maven.surefire.booter.ForkedBooter.main(ForkedBooter.java:121)
</pre></div></td>
<td>0</td>
<td>null</td></tr>
<tr>
<td title='facebook_TC.Send_FriendRequest.pending_friendrequest_samescreen1()'><b>pending_friendrequest_samescreen1</b><br>Test class: facebook_TC.Send_FriendRequest</td>
<td><div><pre>java.lang.Throwable: Method Send_FriendRequest.pending_friendrequest_samescreen1()[pri:0, instance:facebook_TC.Send_FriendRequest@67b92f0a] depends on not successfully finished methods
... Removed 20 stack frames</pre></div><a href='#' onClick='toggleBox("stack-trace1529115495", this, "Click to show all stack frames", "Click to hide stack frames")'>Click to show all stack frames</a>
<div class='stack-trace' id='stack-trace1529115495'><pre>java.lang.Throwable: Method Send_FriendRequest.pending_friendrequest_samescreen1()[pri:0, instance:facebook_TC.Send_FriendRequest@67b92f0a] depends on not successfully finished methods
	at org.testng.internal.Invoker.invokeTestMethods(Invoker.java:1040)
	at org.testng.internal.TestMethodWorker.invokeTestMethods(TestMethodWorker.java:124)
	at org.testng.internal.TestMethodWorker.run(TestMethodWorker.java:108)
	at org.testng.TestRunner.privateRun(TestRunner.java:773)
	at org.testng.TestRunner.run(TestRunner.java:623)
	at org.testng.SuiteRunner.runTest(SuiteRunner.java:357)
	at org.testng.SuiteRunner.runSequentially(SuiteRunner.java:352)
	at org.testng.SuiteRunner.privateRun(SuiteRunner.java:310)
	at org.testng.SuiteRunner.run(SuiteRunner.java:259)
	at org.testng.SuiteRunnerWorker.runSuite(SuiteRunnerWorker.java:52)
	at org.testng.SuiteRunnerWorker.run(SuiteRunnerWorker.java:86)
	at org.testng.TestNG.runSuitesSequentially(TestNG.java:1185)
	at org.testng.TestNG.runSuitesLocally(TestNG.java:1110)
	at org.testng.TestNG.run(TestNG.java:1018)
	at org.apache.maven.surefire.testng.TestNGExecutor.run(TestNGExecutor.java:282)
	at org.apache.maven.surefire.testng.TestNGXmlTestSuite.execute(TestNGXmlTestSuite.java:83)
	at org.apache.maven.surefire.testng.TestNGProvider.invoke(TestNGProvider.java:114)
	at org.apache.maven.surefire.booter.ForkedBooter.invokeProviderInSameClassLoader(ForkedBooter.java:286)
	at org.apache.maven.surefire.booter.ForkedBooter.runSuitesInProcess(ForkedBooter.java:240)
	at org.apache.maven.surefire.booter.ForkedBooter.main(ForkedBooter.java:121)
</pre></div></td>
<td>0</td>
<td>null</td></tr>
<tr>
<td title='facebook_TC.wallpost_FB.post_num_FB()'><b>post_num_FB</b><br>Test class: facebook_TC.wallpost_FB</td>
<td><div><pre>java.lang.Throwable: Method wallpost_FB.post_num_FB()[pri:0, instance:facebook_TC.wallpost_FB@5b87ed94] depends on not successfully finished methods
... Removed 20 stack frames</pre></div><a href='#' onClick='toggleBox("stack-trace1138697171", this, "Click to show all stack frames", "Click to hide stack frames")'>Click to show all stack frames</a>
<div class='stack-trace' id='stack-trace1138697171'><pre>java.lang.Throwable: Method wallpost_FB.post_num_FB()[pri:0, instance:facebook_TC.wallpost_FB@5b87ed94] depends on not successfully finished methods
	at org.testng.internal.Invoker.invokeTestMethods(Invoker.java:1040)
	at org.testng.internal.TestMethodWorker.invokeTestMethods(TestMethodWorker.java:124)
	at org.testng.internal.TestMethodWorker.run(TestMethodWorker.java:108)
	at org.testng.TestRunner.privateRun(TestRunner.java:773)
	at org.testng.TestRunner.run(TestRunner.java:623)
	at org.testng.SuiteRunner.runTest(SuiteRunner.java:357)
	at org.testng.SuiteRunner.runSequentially(SuiteRunner.java:352)
	at org.testng.SuiteRunner.privateRun(SuiteRunner.java:310)
	at org.testng.SuiteRunner.run(SuiteRunner.java:259)
	at org.testng.SuiteRunnerWorker.runSuite(SuiteRunnerWorker.java:52)
	at org.testng.SuiteRunnerWorker.run(SuiteRunnerWorker.java:86)
	at org.testng.TestNG.runSuitesSequentially(TestNG.java:1185)
	at org.testng.TestNG.runSuitesLocally(TestNG.java:1110)
	at org.testng.TestNG.run(TestNG.java:1018)
	at org.apache.maven.surefire.testng.TestNGExecutor.run(TestNGExecutor.java:282)
	at org.apache.maven.surefire.testng.TestNGXmlTestSuite.execute(TestNGXmlTestSuite.java:83)
	at org.apache.maven.surefire.testng.TestNGProvider.invoke(TestNGProvider.java:114)
	at org.apache.maven.surefire.booter.ForkedBooter.invokeProviderInSameClassLoader(ForkedBooter.java:286)
	at org.apache.maven.surefire.booter.ForkedBooter.runSuitesInProcess(ForkedBooter.java:240)
	at org.apache.maven.surefire.booter.ForkedBooter.main(ForkedBooter.java:121)
</pre></div></td>
<td>0</td>
<td>null</td></tr>
<tr>
<td title='facebook_TC.wallpost_FB.post_special_char1_FB()'><b>post_special_char1_FB</b><br>Test class: facebook_TC.wallpost_FB</td>
<td><div><pre>java.lang.Throwable: Method wallpost_FB.post_special_char1_FB()[pri:0, instance:facebook_TC.wallpost_FB@5b87ed94] depends on not successfully finished methods
... Removed 20 stack frames</pre></div><a href='#' onClick='toggleBox("stack-trace1835073088", this, "Click to show all stack frames", "Click to hide stack frames")'>Click to show all stack frames</a>
<div class='stack-trace' id='stack-trace1835073088'><pre>java.lang.Throwable: Method wallpost_FB.post_special_char1_FB()[pri:0, instance:facebook_TC.wallpost_FB@5b87ed94] depends on not successfully finished methods
	at org.testng.internal.Invoker.invokeTestMethods(Invoker.java:1040)
	at org.testng.internal.TestMethodWorker.invokeTestMethods(TestMethodWorker.java:124)
	at org.testng.internal.TestMethodWorker.run(TestMethodWorker.java:108)
	at org.testng.TestRunner.privateRun(TestRunner.java:773)
	at org.testng.TestRunner.run(TestRunner.java:623)
	at org.testng.SuiteRunner.runTest(SuiteRunner.java:357)
	at org.testng.SuiteRunner.runSequentially(SuiteRunner.java:352)
	at org.testng.SuiteRunner.privateRun(SuiteRunner.java:310)
	at org.testng.SuiteRunner.run(SuiteRunner.java:259)
	at org.testng.SuiteRunnerWorker.runSuite(SuiteRunnerWorker.java:52)
	at org.testng.SuiteRunnerWorker.run(SuiteRunnerWorker.java:86)
	at org.testng.TestNG.runSuitesSequentially(TestNG.java:1185)
	at org.testng.TestNG.runSuitesLocally(TestNG.java:1110)
	at org.testng.TestNG.run(TestNG.java:1018)
	at org.apache.maven.surefire.testng.TestNGExecutor.run(TestNGExecutor.java:282)
	at org.apache.maven.surefire.testng.TestNGXmlTestSuite.execute(TestNGXmlTestSuite.java:83)
	at org.apache.maven.surefire.testng.TestNGProvider.invoke(TestNGProvider.java:114)
	at org.apache.maven.surefire.booter.ForkedBooter.invokeProviderInSameClassLoader(ForkedBooter.java:286)
	at org.apache.maven.surefire.booter.ForkedBooter.runSuitesInProcess(ForkedBooter.java:240)
	at org.apache.maven.surefire.booter.ForkedBooter.main(ForkedBooter.java:121)
</pre></div></td>
<td>0</td>
<td>null</td></tr>
<tr>
<td title='facebook_TC.wallpost_FB.post_special_char2_FB()'><b>post_special_char2_FB</b><br>Test class: facebook_TC.wallpost_FB</td>
<td><div><pre>java.lang.Throwable: Method wallpost_FB.post_special_char2_FB()[pri:0, instance:facebook_TC.wallpost_FB@5b87ed94] depends on not successfully finished methods
... Removed 20 stack frames</pre></div><a href='#' onClick='toggleBox("stack-trace2032891036", this, "Click to show all stack frames", "Click to hide stack frames")'>Click to show all stack frames</a>
<div class='stack-trace' id='stack-trace2032891036'><pre>java.lang.Throwable: Method wallpost_FB.post_special_char2_FB()[pri:0, instance:facebook_TC.wallpost_FB@5b87ed94] depends on not successfully finished methods
	at org.testng.internal.Invoker.invokeTestMethods(Invoker.java:1040)
	at org.testng.internal.TestMethodWorker.invokeTestMethods(TestMethodWorker.java:124)
	at org.testng.internal.TestMethodWorker.run(TestMethodWorker.java:108)
	at org.testng.TestRunner.privateRun(TestRunner.java:773)
	at org.testng.TestRunner.run(TestRunner.java:623)
	at org.testng.SuiteRunner.runTest(SuiteRunner.java:357)
	at org.testng.SuiteRunner.runSequentially(SuiteRunner.java:352)
	at org.testng.SuiteRunner.privateRun(SuiteRunner.java:310)
	at org.testng.SuiteRunner.run(SuiteRunner.java:259)
	at org.testng.SuiteRunnerWorker.runSuite(SuiteRunnerWorker.java:52)
	at org.testng.SuiteRunnerWorker.run(SuiteRunnerWorker.java:86)
	at org.testng.TestNG.runSuitesSequentially(TestNG.java:1185)
	at org.testng.TestNG.runSuitesLocally(TestNG.java:1110)
	at org.testng.TestNG.run(TestNG.java:1018)
	at org.apache.maven.surefire.testng.TestNGExecutor.run(TestNGExecutor.java:282)
	at org.apache.maven.surefire.testng.TestNGXmlTestSuite.execute(TestNGXmlTestSuite.java:83)
	at org.apache.maven.surefire.testng.TestNGProvider.invoke(TestNGProvider.java:114)
	at org.apache.maven.surefire.booter.ForkedBooter.invokeProviderInSameClassLoader(ForkedBooter.java:286)
	at org.apache.maven.surefire.booter.ForkedBooter.runSuitesInProcess(ForkedBooter.java:240)
	at org.apache.maven.surefire.booter.ForkedBooter.main(ForkedBooter.java:121)
</pre></div></td>
<td>0</td>
<td>null</td></tr>
<tr>
<td title='facebook_TC.wallpost_FB.postonwall_FB()'><b>postonwall_FB</b><br>Test class: facebook_TC.wallpost_FB</td>
<td></td>
<td>0</td>
<td>facebook_TC.wallpost_FB@5b87ed94</td></tr>
<tr>
<td title='facebook_TC.wallpost_FB.postonwall_nofriend_FB()'><b>postonwall_nofriend_FB</b><br>Test class: facebook_TC.wallpost_FB</td>
<td><div><pre>java.lang.Throwable: Method wallpost_FB.postonwall_nofriend_FB()[pri:0, instance:facebook_TC.wallpost_FB@5b87ed94] depends on not successfully finished methods
... Removed 20 stack frames</pre></div><a href='#' onClick='toggleBox("stack-trace899543194", this, "Click to show all stack frames", "Click to hide stack frames")'>Click to show all stack frames</a>
<div class='stack-trace' id='stack-trace899543194'><pre>java.lang.Throwable: Method wallpost_FB.postonwall_nofriend_FB()[pri:0, instance:facebook_TC.wallpost_FB@5b87ed94] depends on not successfully finished methods
	at org.testng.internal.Invoker.invokeTestMethods(Invoker.java:1040)
	at org.testng.internal.TestMethodWorker.invokeTestMethods(TestMethodWorker.java:124)
	at org.testng.internal.TestMethodWorker.run(TestMethodWorker.java:108)
	at org.testng.TestRunner.privateRun(TestRunner.java:773)
	at org.testng.TestRunner.run(TestRunner.java:623)
	at org.testng.SuiteRunner.runTest(SuiteRunner.java:357)
	at org.testng.SuiteRunner.runSequentially(SuiteRunner.java:352)
	at org.testng.SuiteRunner.privateRun(SuiteRunner.java:310)
	at org.testng.SuiteRunner.run(SuiteRunner.java:259)
	at org.testng.SuiteRunnerWorker.runSuite(SuiteRunnerWorker.java:52)
	at org.testng.SuiteRunnerWorker.run(SuiteRunnerWorker.java:86)
	at org.testng.TestNG.runSuitesSequentially(TestNG.java:1185)
	at org.testng.TestNG.runSuitesLocally(TestNG.java:1110)
	at org.testng.TestNG.run(TestNG.java:1018)
	at org.apache.maven.surefire.testng.TestNGExecutor.run(TestNGExecutor.java:282)
	at org.apache.maven.surefire.testng.TestNGXmlTestSuite.execute(TestNGXmlTestSuite.java:83)
	at org.apache.maven.surefire.testng.TestNGProvider.invoke(TestNGProvider.java:114)
	at org.apache.maven.surefire.booter.ForkedBooter.invokeProviderInSameClassLoader(ForkedBooter.java:286)
	at org.apache.maven.surefire.booter.ForkedBooter.runSuitesInProcess(ForkedBooter.java:240)
	at org.apache.maven.surefire.booter.ForkedBooter.main(ForkedBooter.java:121)
</pre></div></td>
<td>0</td>
<td>null</td></tr>
<tr>
<td title='facebook_TC.chat_SendingMsg.sendMsg()'><b>sendMsg</b><br>Test class: facebook_TC.chat_SendingMsg</td>
<td></td>
<td>0</td>
<td>facebook_TC.chat_SendingMsg@4f970963</td></tr>
</table><p>
</body>
</html>